<?xml version="1.0" encoding="UTF-8"?>
<!-- Generated by org.testng.reporters.JUnitReportReporter -->
<testsuite hostname="Vinay-Kashyap" failures="0" tests="1" name="code.addToCart" time="75.025" errors="0" timestamp="2022-08-11T17:16:16 IST" skipped="0">
  <testcase classname="code.addToCart" name="testaddTocart" time="75.025"/>
  <system-out/>
</testsuite> <!-- code.addToCart -->
