<?xml version="1.0" encoding="UTF-8"?>
<!-- Generated by org.testng.reporters.JUnitReportReporter -->
<testsuite hostname="Vinay-Kashyap" failures="0" tests="1" name="AutomationFramework.JavaAssign" time="93.069" errors="0" timestamp="2022-08-08T14:17:22 IST" skipped="0">
  <testcase classname="AutomationFramework.JavaAssign" name="test1" time="93.069"/>
  <system-out/>
</testsuite> <!-- AutomationFramework.JavaAssign -->
