<?xml version="1.0" encoding="UTF-8"?>
<!-- Generated by org.testng.reporters.JUnitReportReporter -->
<testsuite hostname="Vinay-Kashyap" failures="0" tests="1" name="AutomationFramework.FirstTest" time="57.733" errors="0" timestamp="2022-07-24T19:27:59 IST" skipped="0">
  <testcase classname="AutomationFramework.FirstTest" name="test1" time="57.733"/>
  <system-out/>
</testsuite> <!-- AutomationFramework.FirstTest -->
